[2024-05-14 18:04:44] Start greasing /users/lburmist/DBscan_on_simtel_data/./greasy_job//node_1.joblist
[2024-05-14 18:04:44] INFO: File with 71 correct Tasks
[2024-05-14 18:04:44] INFO: BASIC engine is ready to run with 72 workers
[2024-05-14 18:04:44] ERROR: BasicEngine::init Detected CPU only compute nodes
[2024-05-14 18:04:44] INFO: Allocating task 1
[2024-05-14 18:04:44] INFO: Allocating task 2
[2024-05-14 18:04:44] INFO: [BasicEngine::executeTask[1]] Task 1 on node nid00004 command: srun -O -s -n 1 -N 1 -w nid00004 --cpu_bind=none --gres=craynetwork:0 --mem=847 -c 1 python DBscan_on_simtel_data.py -d /scratch/snx3000/lburmist/simtel_data/NSB386MHz/data//corsika_run1.simtel.gz /scratch/snx3000/lburmist/simtel_data/NSB386MHz/npe//corsika_run1.npe.pkl /scratch/snx3000/lburmist/simtel_data/NSB386MHz/npe//corsika_run1.npe.csv pixel_mapping.csv pixel_mapping_neighbors.csv
[2024-05-14 18:04:44] INFO: Allocating task 3
[2024-05-14 18:04:44] INFO: [BasicEngine::executeTask[2]] Task 2 on node nid00004 command: srun -O -s -n 1 -N 1 -w nid00004 --cpu_bind=none --gres=craynetwork:0 --mem=847 -c 1 python DBscan_on_simtel_data.py -d /scratch/snx3000/lburmist/simtel_data/NSB386MHz/data//corsika_run2.simtel.gz /scratch/snx3000/lburmist/simtel_data/NSB386MHz/npe//corsika_run2.npe.pkl /scratch/snx3000/lburmist/simtel_data/NSB386MHz/npe//corsika_run2.npe.csv pixel_mapping.csv pixel_mapping_neighbors.csv
[2024-05-14 18:04:44] INFO: Allocating task 4
[2024-05-14 18:04:44] INFO: [BasicEngine::executeTask[3]] Task 3 on node nid00004 command: srun -O -s -n 1 -N 1 -w nid00004 --cpu_bind=none --gres=craynetwork:0 --mem=847 -c 1 python DBscan_on_simtel_data.py -d /scratch/snx3000/lburmist/simtel_data/NSB386MHz/data//corsika_run3.simtel.gz /scratch/snx3000/lburmist/simtel_data/NSB386MHz/npe//corsika_run3.npe.pkl /scratch/snx3000/lburmist/simtel_data/NSB386MHz/npe//corsika_run3.npe.csv pixel_mapping.csv pixel_mapping_neighbors.csv
[2024-05-14 18:04:44] INFO: Allocating task 5
[2024-05-14 18:04:44] INFO: [BasicEngine::executeTask[4]] Task 4 on node nid00004 command: srun -O -s -n 1 -N 1 -w nid00004 --cpu_bind=none --gres=craynetwork:0 --mem=847 -c 1 python DBscan_on_simtel_data.py -d /scratch/snx3000/lburmist/simtel_data/NSB386MHz/data//corsika_run4.simtel.gz /scratch/snx3000/lburmist/simtel_data/NSB386MHz/npe//corsika_run4.npe.pkl /scratch/snx3000/lburmist/simtel_data/NSB386MHz/npe//corsika_run4.npe.csv pixel_mapping.csv pixel_mapping_neighbors.csv
[2024-05-14 18:04:44] INFO: Allocating task 6
[2024-05-14 18:04:44] INFO: [BasicEngine::executeTask[5]] Task 5 on node nid00004 command: srun -O -s -n 1 -N 1 -w nid00004 --cpu_bind=none --gres=craynetwork:0 --mem=847 -c 1 python DBscan_on_simtel_data.py -d /scratch/snx3000/lburmist/simtel_data/NSB386MHz/data//corsika_run5.simtel.gz /scratch/snx3000/lburmist/simtel_data/NSB386MHz/npe//corsika_run5.npe.pkl /scratch/snx3000/lburmist/simtel_data/NSB386MHz/npe//corsika_run5.npe.csv pixel_mapping.csv pixel_mapping_neighbors.csv
[2024-05-14 18:04:44] INFO: Allocating task 7
[2024-05-14 18:04:44] INFO: [BasicEngine::executeTask[6]] Task 6 on node nid00004 command: srun -O -s -n 1 -N 1 -w nid00004 --cpu_bind=none --gres=craynetwork:0 --mem=847 -c 1 python DBscan_on_simtel_data.py -d /scratch/snx3000/lburmist/simtel_data/NSB386MHz/data//corsika_run6.simtel.gz /scratch/snx3000/lburmist/simtel_data/NSB386MHz/npe//corsika_run6.npe.pkl /scratch/snx3000/lburmist/simtel_data/NSB386MHz/npe//corsika_run6.npe.csv pixel_mapping.csv pixel_mapping_neighbors.csv
[2024-05-14 18:04:44] INFO: Allocating task 8
[2024-05-14 18:04:44] INFO: [BasicEngine::executeTask[7]] Task 7 on node nid00004 command: srun -O -s -n 1 -N 1 -w nid00004 --cpu_bind=none --gres=craynetwork:0 --mem=847 -c 1 python DBscan_on_simtel_data.py -d /scratch/snx3000/lburmist/simtel_data/NSB386MHz/data//corsika_run7.simtel.gz /scratch/snx3000/lburmist/simtel_data/NSB386MHz/npe//corsika_run7.npe.pkl /scratch/snx3000/lburmist/simtel_data/NSB386MHz/npe//corsika_run7.npe.csv pixel_mapping.csv pixel_mapping_neighbors.csv
[2024-05-14 18:04:44] INFO: Allocating task 9
[2024-05-14 18:04:44] INFO: [BasicEngine::executeTask[8]] Task 8 on node nid00004 command: srun -O -s -n 1 -N 1 -w nid00004 --cpu_bind=none --gres=craynetwork:0 --mem=847 -c 1 python DBscan_on_simtel_data.py -d /scratch/snx3000/lburmist/simtel_data/NSB386MHz/data//corsika_run8.simtel.gz /scratch/snx3000/lburmist/simtel_data/NSB386MHz/npe//corsika_run8.npe.pkl /scratch/snx3000/lburmist/simtel_data/NSB386MHz/npe//corsika_run8.npe.csv pixel_mapping.csv pixel_mapping_neighbors.csv
[2024-05-14 18:04:44] INFO: Allocating task 10
[2024-05-14 18:04:44] INFO: [BasicEngine::executeTask[9]] Task 9 on node nid00004 command: srun -O -s -n 1 -N 1 -w nid00004 --cpu_bind=none --gres=craynetwork:0 --mem=847 -c 1 python DBscan_on_simtel_data.py -d /scratch/snx3000/lburmist/simtel_data/NSB386MHz/data//corsika_run9.simtel.gz /scratch/snx3000/lburmist/simtel_data/NSB386MHz/npe//corsika_run9.npe.pkl /scratch/snx3000/lburmist/simtel_data/NSB386MHz/npe//corsika_run9.npe.csv pixel_mapping.csv pixel_mapping_neighbors.csv
[2024-05-14 18:04:44] INFO: Allocating task 11
[2024-05-14 18:04:44] INFO: [BasicEngine::executeTask[10]] Task 10 on node nid00004 command: srun -O -s -n 1 -N 1 -w nid00004 --cpu_bind=none --gres=craynetwork:0 --mem=847 -c 1 python DBscan_on_simtel_data.py -d /scratch/snx3000/lburmist/simtel_data/NSB386MHz/data//corsika_run10.simtel.gz /scratch/snx3000/lburmist/simtel_data/NSB386MHz/npe//corsika_run10.npe.pkl /scratch/snx3000/lburmist/simtel_data/NSB386MHz/npe//corsika_run10.npe.csv pixel_mapping.csv pixel_mapping_neighbors.csv
[2024-05-14 18:04:44] INFO: Allocating task 12
[2024-05-14 18:04:44] INFO: [BasicEngine::executeTask[11]] Task 11 on node nid00004 command: srun -O -s -n 1 -N 1 -w nid00004 --cpu_bind=none --gres=craynetwork:0 --mem=847 -c 1 python DBscan_on_simtel_data.py -d /scratch/snx3000/lburmist/simtel_data/NSB386MHz/data//corsika_run11.simtel.gz /scratch/snx3000/lburmist/simtel_data/NSB386MHz/npe//corsika_run11.npe.pkl /scratch/snx3000/lburmist/simtel_data/NSB386MHz/npe//corsika_run11.npe.csv pixel_mapping.csv pixel_mapping_neighbors.csv
[2024-05-14 18:04:44] INFO: Allocating task 13
[2024-05-14 18:04:44] INFO: [BasicEngine::executeTask[12]] Task 12 on node nid00004 command: srun -O -s -n 1 -N 1 -w nid00004 --cpu_bind=none --gres=craynetwork:0 --mem=847 -c 1 python DBscan_on_simtel_data.py -d /scratch/snx3000/lburmist/simtel_data/NSB386MHz/data//corsika_run12.simtel.gz /scratch/snx3000/lburmist/simtel_data/NSB386MHz/npe//corsika_run12.npe.pkl /scratch/snx3000/lburmist/simtel_data/NSB386MHz/npe//corsika_run12.npe.csv pixel_mapping.csv pixel_mapping_neighbors.csv
[2024-05-14 18:04:44] INFO: Allocating task 14
[2024-05-14 18:04:44] INFO: [BasicEngine::executeTask[13]] Task 13 on node nid00004 command: srun -O -s -n 1 -N 1 -w nid00004 --cpu_bind=none --gres=craynetwork:0 --mem=847 -c 1 python DBscan_on_simtel_data.py -d /scratch/snx3000/lburmist/simtel_data/NSB386MHz/data//corsika_run13.simtel.gz /scratch/snx3000/lburmist/simtel_data/NSB386MHz/npe//corsika_run13.npe.pkl /scratch/snx3000/lburmist/simtel_data/NSB386MHz/npe//corsika_run13.npe.csv pixel_mapping.csv pixel_mapping_neighbors.csv
[2024-05-14 18:04:44] INFO: Allocating task 15
[2024-05-14 18:04:44] INFO: [BasicEngine::executeTask[14]] Task 14 on node nid00004 command: srun -O -s -n 1 -N 1 -w nid00004 --cpu_bind=none --gres=craynetwork:0 --mem=847 -c 1 python DBscan_on_simtel_data.py -d /scratch/snx3000/lburmist/simtel_data/NSB386MHz/data//corsika_run14.simtel.gz /scratch/snx3000/lburmist/simtel_data/NSB386MHz/npe//corsika_run14.npe.pkl /scratch/snx3000/lburmist/simtel_data/NSB386MHz/npe//corsika_run14.npe.csv pixel_mapping.csv pixel_mapping_neighbors.csv
[2024-05-14 18:04:44] INFO: Allocating task 16
[2024-05-14 18:04:44] INFO: [BasicEngine::executeTask[15]] Task 15 on node nid00004 command: srun -O -s -n 1 -N 1 -w nid00004 --cpu_bind=none --gres=craynetwork:0 --mem=847 -c 1 python DBscan_on_simtel_data.py -d /scratch/snx3000/lburmist/simtel_data/NSB386MHz/data//corsika_run15.simtel.gz /scratch/snx3000/lburmist/simtel_data/NSB386MHz/npe//corsika_run15.npe.pkl /scratch/snx3000/lburmist/simtel_data/NSB386MHz/npe//corsika_run15.npe.csv pixel_mapping.csv pixel_mapping_neighbors.csv
[2024-05-14 18:04:44] INFO: Allocating task 17
[2024-05-14 18:04:44] INFO: [BasicEngine::executeTask[16]] Task 16 on node nid00004 command: srun -O -s -n 1 -N 1 -w nid00004 --cpu_bind=none --gres=craynetwork:0 --mem=847 -c 1 python DBscan_on_simtel_data.py -d /scratch/snx3000/lburmist/simtel_data/NSB386MHz/data//corsika_run16.simtel.gz /scratch/snx3000/lburmist/simtel_data/NSB386MHz/npe//corsika_run16.npe.pkl /scratch/snx3000/lburmist/simtel_data/NSB386MHz/npe//corsika_run16.npe.csv pixel_mapping.csv pixel_mapping_neighbors.csv
[2024-05-14 18:04:44] INFO: Allocating task 18
[2024-05-14 18:04:44] INFO: [BasicEngine::executeTask[17]] Task 17 on node nid00004 command: srun -O -s -n 1 -N 1 -w nid00004 --cpu_bind=none --gres=craynetwork:0 --mem=847 -c 1 python DBscan_on_simtel_data.py -d /scratch/snx3000/lburmist/simtel_data/NSB386MHz/data//corsika_run17.simtel.gz /scratch/snx3000/lburmist/simtel_data/NSB386MHz/npe//corsika_run17.npe.pkl /scratch/snx3000/lburmist/simtel_data/NSB386MHz/npe//corsika_run17.npe.csv pixel_mapping.csv pixel_mapping_neighbors.csv
[2024-05-14 18:04:44] INFO: Allocating task 19
[2024-05-14 18:04:44] INFO: [BasicEngine::executeTask[18]] Task 18 on node nid00004 command: srun -O -s -n 1 -N 1 -w nid00004 --cpu_bind=none --gres=craynetwork:0 --mem=847 -c 1 python DBscan_on_simtel_data.py -d /scratch/snx3000/lburmist/simtel_data/NSB386MHz/data//corsika_run18.simtel.gz /scratch/snx3000/lburmist/simtel_data/NSB386MHz/npe//corsika_run18.npe.pkl /scratch/snx3000/lburmist/simtel_data/NSB386MHz/npe//corsika_run18.npe.csv pixel_mapping.csv pixel_mapping_neighbors.csv
[2024-05-14 18:04:44] INFO: Allocating task 20
[2024-05-14 18:04:44] INFO: [BasicEngine::executeTask[19]] Task 19 on node nid00004 command: srun -O -s -n 1 -N 1 -w nid00004 --cpu_bind=none --gres=craynetwork:0 --mem=847 -c 1 python DBscan_on_simtel_data.py -d /scratch/snx3000/lburmist/simtel_data/NSB386MHz/data//corsika_run19.simtel.gz /scratch/snx3000/lburmist/simtel_data/NSB386MHz/npe//corsika_run19.npe.pkl /scratch/snx3000/lburmist/simtel_data/NSB386MHz/npe//corsika_run19.npe.csv pixel_mapping.csv pixel_mapping_neighbors.csv
[2024-05-14 18:04:44] INFO: Allocating task 21
[2024-05-14 18:04:44] INFO: [BasicEngine::executeTask[20]] Task 20 on node nid00004 command: srun -O -s -n 1 -N 1 -w nid00004 --cpu_bind=none --gres=craynetwork:0 --mem=847 -c 1 python DBscan_on_simtel_data.py -d /scratch/snx3000/lburmist/simtel_data/NSB386MHz/data//corsika_run20.simtel.gz /scratch/snx3000/lburmist/simtel_data/NSB386MHz/npe//corsika_run20.npe.pkl /scratch/snx3000/lburmist/simtel_data/NSB386MHz/npe//corsika_run20.npe.csv pixel_mapping.csv pixel_mapping_neighbors.csv
[2024-05-14 18:04:44] INFO: Allocating task 22
[2024-05-14 18:04:44] INFO: [BasicEngine::executeTask[21]] Task 21 on node nid00004 command: srun -O -s -n 1 -N 1 -w nid00004 --cpu_bind=none --gres=craynetwork:0 --mem=847 -c 1 python DBscan_on_simtel_data.py -d /scratch/snx3000/lburmist/simtel_data/NSB386MHz/data//corsika_run21.simtel.gz /scratch/snx3000/lburmist/simtel_data/NSB386MHz/npe//corsika_run21.npe.pkl /scratch/snx3000/lburmist/simtel_data/NSB386MHz/npe//corsika_run21.npe.csv pixel_mapping.csv pixel_mapping_neighbors.csv
[2024-05-14 18:04:44] INFO: Allocating task 23
[2024-05-14 18:04:44] INFO: [BasicEngine::executeTask[22]] Task 22 on node nid00004 command: srun -O -s -n 1 -N 1 -w nid00004 --cpu_bind=none --gres=craynetwork:0 --mem=847 -c 1 python DBscan_on_simtel_data.py -d /scratch/snx3000/lburmist/simtel_data/NSB386MHz/data//corsika_run22.simtel.gz /scratch/snx3000/lburmist/simtel_data/NSB386MHz/npe//corsika_run22.npe.pkl /scratch/snx3000/lburmist/simtel_data/NSB386MHz/npe//corsika_run22.npe.csv pixel_mapping.csv pixel_mapping_neighbors.csv
[2024-05-14 18:04:44] INFO: Allocating task 24
[2024-05-14 18:04:44] INFO: [BasicEngine::executeTask[23]] Task 23 on node nid00004 command: srun -O -s -n 1 -N 1 -w nid00004 --cpu_bind=none --gres=craynetwork:0 --mem=847 -c 1 python DBscan_on_simtel_data.py -d /scratch/snx3000/lburmist/simtel_data/NSB386MHz/data//corsika_run23.simtel.gz /scratch/snx3000/lburmist/simtel_data/NSB386MHz/npe//corsika_run23.npe.pkl /scratch/snx3000/lburmist/simtel_data/NSB386MHz/npe//corsika_run23.npe.csv pixel_mapping.csv pixel_mapping_neighbors.csv
[2024-05-14 18:04:44] INFO: Allocating task 25
[2024-05-14 18:04:44] INFO: [BasicEngine::executeTask[24]] Task 24 on node nid00004 command: srun -O -s -n 1 -N 1 -w nid00004 --cpu_bind=none --gres=craynetwork:0 --mem=847 -c 1 python DBscan_on_simtel_data.py -d /scratch/snx3000/lburmist/simtel_data/NSB386MHz/data//corsika_run24.simtel.gz /scratch/snx3000/lburmist/simtel_data/NSB386MHz/npe//corsika_run24.npe.pkl /scratch/snx3000/lburmist/simtel_data/NSB386MHz/npe//corsika_run24.npe.csv pixel_mapping.csv pixel_mapping_neighbors.csv
[2024-05-14 18:04:44] INFO: Allocating task 26
[2024-05-14 18:04:44] INFO: [BasicEngine::executeTask[25]] Task 25 on node nid00004 command: srun -O -s -n 1 -N 1 -w nid00004 --cpu_bind=none --gres=craynetwork:0 --mem=847 -c 1 python DBscan_on_simtel_data.py -d /scratch/snx3000/lburmist/simtel_data/NSB386MHz/data//corsika_run25.simtel.gz /scratch/snx3000/lburmist/simtel_data/NSB386MHz/npe//corsika_run25.npe.pkl /scratch/snx3000/lburmist/simtel_data/NSB386MHz/npe//corsika_run25.npe.csv pixel_mapping.csv pixel_mapping_neighbors.csv
[2024-05-14 18:04:44] INFO: Allocating task 27
[2024-05-14 18:04:44] INFO: [BasicEngine::executeTask[26]] Task 26 on node nid00004 command: srun -O -s -n 1 -N 1 -w nid00004 --cpu_bind=none --gres=craynetwork:0 --mem=847 -c 1 python DBscan_on_simtel_data.py -d /scratch/snx3000/lburmist/simtel_data/NSB386MHz/data//corsika_run26.simtel.gz /scratch/snx3000/lburmist/simtel_data/NSB386MHz/npe//corsika_run26.npe.pkl /scratch/snx3000/lburmist/simtel_data/NSB386MHz/npe//corsika_run26.npe.csv pixel_mapping.csv pixel_mapping_neighbors.csv
[2024-05-14 18:04:44] INFO: Allocating task 28
[2024-05-14 18:04:44] INFO: [BasicEngine::executeTask[27]] Task 27 on node nid00004 command: srun -O -s -n 1 -N 1 -w nid00004 --cpu_bind=none --gres=craynetwork:0 --mem=847 -c 1 python DBscan_on_simtel_data.py -d /scratch/snx3000/lburmist/simtel_data/NSB386MHz/data//corsika_run27.simtel.gz /scratch/snx3000/lburmist/simtel_data/NSB386MHz/npe//corsika_run27.npe.pkl /scratch/snx3000/lburmist/simtel_data/NSB386MHz/npe//corsika_run27.npe.csv pixel_mapping.csv pixel_mapping_neighbors.csv
[2024-05-14 18:04:44] INFO: Allocating task 29
[2024-05-14 18:04:44] INFO: [BasicEngine::executeTask[28]] Task 28 on node nid00004 command: srun -O -s -n 1 -N 1 -w nid00004 --cpu_bind=none --gres=craynetwork:0 --mem=847 -c 1 python DBscan_on_simtel_data.py -d /scratch/snx3000/lburmist/simtel_data/NSB386MHz/data//corsika_run28.simtel.gz /scratch/snx3000/lburmist/simtel_data/NSB386MHz/npe//corsika_run28.npe.pkl /scratch/snx3000/lburmist/simtel_data/NSB386MHz/npe//corsika_run28.npe.csv pixel_mapping.csv pixel_mapping_neighbors.csv
[2024-05-14 18:04:44] INFO: Allocating task 30
[2024-05-14 18:04:44] INFO: [BasicEngine::executeTask[29]] Task 29 on node nid00004 command: srun -O -s -n 1 -N 1 -w nid00004 --cpu_bind=none --gres=craynetwork:0 --mem=847 -c 1 python DBscan_on_simtel_data.py -d /scratch/snx3000/lburmist/simtel_data/NSB386MHz/data//corsika_run29.simtel.gz /scratch/snx3000/lburmist/simtel_data/NSB386MHz/npe//corsika_run29.npe.pkl /scratch/snx3000/lburmist/simtel_data/NSB386MHz/npe//corsika_run29.npe.csv pixel_mapping.csv pixel_mapping_neighbors.csv
[2024-05-14 18:04:44] INFO: Allocating task 31
[2024-05-14 18:04:44] INFO: [BasicEngine::executeTask[30]] Task 30 on node nid00004 command: srun -O -s -n 1 -N 1 -w nid00004 --cpu_bind=none --gres=craynetwork:0 --mem=847 -c 1 python DBscan_on_simtel_data.py -d /scratch/snx3000/lburmist/simtel_data/NSB386MHz/data//corsika_run30.simtel.gz /scratch/snx3000/lburmist/simtel_data/NSB386MHz/npe//corsika_run30.npe.pkl /scratch/snx3000/lburmist/simtel_data/NSB386MHz/npe//corsika_run30.npe.csv pixel_mapping.csv pixel_mapping_neighbors.csv
[2024-05-14 18:04:44] INFO: Allocating task 32
[2024-05-14 18:04:44] INFO: [BasicEngine::executeTask[31]] Task 31 on node nid00004 command: srun -O -s -n 1 -N 1 -w nid00004 --cpu_bind=none --gres=craynetwork:0 --mem=847 -c 1 python DBscan_on_simtel_data.py -d /scratch/snx3000/lburmist/simtel_data/NSB386MHz/data//corsika_run31.simtel.gz /scratch/snx3000/lburmist/simtel_data/NSB386MHz/npe//corsika_run31.npe.pkl /scratch/snx3000/lburmist/simtel_data/NSB386MHz/npe//corsika_run31.npe.csv pixel_mapping.csv pixel_mapping_neighbors.csv
[2024-05-14 18:04:44] INFO: Allocating task 33
[2024-05-14 18:04:44] INFO: [BasicEngine::executeTask[32]] Task 32 on node nid00004 command: srun -O -s -n 1 -N 1 -w nid00004 --cpu_bind=none --gres=craynetwork:0 --mem=847 -c 1 python DBscan_on_simtel_data.py -d /scratch/snx3000/lburmist/simtel_data/NSB386MHz/data//corsika_run32.simtel.gz /scratch/snx3000/lburmist/simtel_data/NSB386MHz/npe//corsika_run32.npe.pkl /scratch/snx3000/lburmist/simtel_data/NSB386MHz/npe//corsika_run32.npe.csv pixel_mapping.csv pixel_mapping_neighbors.csv
[2024-05-14 18:04:44] INFO: Allocating task 34
[2024-05-14 18:04:44] INFO: [BasicEngine::executeTask[33]] Task 33 on node nid00004 command: srun -O -s -n 1 -N 1 -w nid00004 --cpu_bind=none --gres=craynetwork:0 --mem=847 -c 1 python DBscan_on_simtel_data.py -d /scratch/snx3000/lburmist/simtel_data/NSB386MHz/data//corsika_run33.simtel.gz /scratch/snx3000/lburmist/simtel_data/NSB386MHz/npe//corsika_run33.npe.pkl /scratch/snx3000/lburmist/simtel_data/NSB386MHz/npe//corsika_run33.npe.csv pixel_mapping.csv pixel_mapping_neighbors.csv
[2024-05-14 18:04:44] INFO: Allocating task 35
[2024-05-14 18:04:44] INFO: [BasicEngine::executeTask[34]] Task 34 on node nid00004 command: srun -O -s -n 1 -N 1 -w nid00004 --cpu_bind=none --gres=craynetwork:0 --mem=847 -c 1 python DBscan_on_simtel_data.py -d /scratch/snx3000/lburmist/simtel_data/NSB386MHz/data//corsika_run34.simtel.gz /scratch/snx3000/lburmist/simtel_data/NSB386MHz/npe//corsika_run34.npe.pkl /scratch/snx3000/lburmist/simtel_data/NSB386MHz/npe//corsika_run34.npe.csv pixel_mapping.csv pixel_mapping_neighbors.csv
[2024-05-14 18:04:44] INFO: Allocating task 36
[2024-05-14 18:04:44] INFO: [BasicEngine::executeTask[35]] Task 35 on node nid00004 command: srun -O -s -n 1 -N 1 -w nid00004 --cpu_bind=none --gres=craynetwork:0 --mem=847 -c 1 python DBscan_on_simtel_data.py -d /scratch/snx3000/lburmist/simtel_data/NSB386MHz/data//corsika_run35.simtel.gz /scratch/snx3000/lburmist/simtel_data/NSB386MHz/npe//corsika_run35.npe.pkl /scratch/snx3000/lburmist/simtel_data/NSB386MHz/npe//corsika_run35.npe.csv pixel_mapping.csv pixel_mapping_neighbors.csv
[2024-05-14 18:04:44] INFO: Allocating task 37
[2024-05-14 18:04:44] INFO: [BasicEngine::executeTask[36]] Task 36 on node nid00004 command: srun -O -s -n 1 -N 1 -w nid00004 --cpu_bind=none --gres=craynetwork:0 --mem=847 -c 1 python DBscan_on_simtel_data.py -d /scratch/snx3000/lburmist/simtel_data/NSB386MHz/data//corsika_run36.simtel.gz /scratch/snx3000/lburmist/simtel_data/NSB386MHz/npe//corsika_run36.npe.pkl /scratch/snx3000/lburmist/simtel_data/NSB386MHz/npe//corsika_run36.npe.csv pixel_mapping.csv pixel_mapping_neighbors.csv
[2024-05-14 18:04:44] INFO: Allocating task 38
[2024-05-14 18:04:44] INFO: Allocating task 39
[2024-05-14 18:04:44] INFO: [BasicEngine::executeTask[37]] Task 37 on node nid00004 command: srun -O -s -n 1 -N 1 -w nid00004 --cpu_bind=none --gres=craynetwork:0 --mem=847 -c 1 python DBscan_on_simtel_data.py -d /scratch/snx3000/lburmist/simtel_data/NSB386MHz/data//corsika_run37.simtel.gz /scratch/snx3000/lburmist/simtel_data/NSB386MHz/npe//corsika_run37.npe.pkl /scratch/snx3000/lburmist/simtel_data/NSB386MHz/npe//corsika_run37.npe.csv pixel_mapping.csv pixel_mapping_neighbors.csv
[2024-05-14 18:04:44] INFO: [BasicEngine::executeTask[38]] Task 38 on node nid00004 command: srun -O -s -n 1 -N 1 -w nid00004 --cpu_bind=none --gres=craynetwork:0 --mem=847 -c 1 python DBscan_on_simtel_data.py -d /scratch/snx3000/lburmist/simtel_data/NSB386MHz/data//corsika_run38.simtel.gz /scratch/snx3000/lburmist/simtel_data/NSB386MHz/npe//corsika_run38.npe.pkl /scratch/snx3000/lburmist/simtel_data/NSB386MHz/npe//corsika_run38.npe.csv pixel_mapping.csv pixel_mapping_neighbors.csv
[2024-05-14 18:04:44] INFO: Allocating task 40
[2024-05-14 18:04:44] INFO: [BasicEngine::executeTask[39]] Task 39 on node nid00004 command: srun -O -s -n 1 -N 1 -w nid00004 --cpu_bind=none --gres=craynetwork:0 --mem=847 -c 1 python DBscan_on_simtel_data.py -d /scratch/snx3000/lburmist/simtel_data/NSB386MHz/data//corsika_run39.simtel.gz /scratch/snx3000/lburmist/simtel_data/NSB386MHz/npe//corsika_run39.npe.pkl /scratch/snx3000/lburmist/simtel_data/NSB386MHz/npe//corsika_run39.npe.csv pixel_mapping.csv pixel_mapping_neighbors.csv
[2024-05-14 18:04:44] INFO: Allocating task 41
[2024-05-14 18:04:44] INFO: [BasicEngine::executeTask[40]] Task 40 on node nid00004 command: srun -O -s -n 1 -N 1 -w nid00004 --cpu_bind=none --gres=craynetwork:0 --mem=847 -c 1 python DBscan_on_simtel_data.py -d /scratch/snx3000/lburmist/simtel_data/NSB386MHz/data//corsika_run40.simtel.gz /scratch/snx3000/lburmist/simtel_data/NSB386MHz/npe//corsika_run40.npe.pkl /scratch/snx3000/lburmist/simtel_data/NSB386MHz/npe//corsika_run40.npe.csv pixel_mapping.csv pixel_mapping_neighbors.csv
[2024-05-14 18:04:44] INFO: Allocating task 42
[2024-05-14 18:04:44] INFO: [BasicEngine::executeTask[41]] Task 41 on node nid00004 command: srun -O -s -n 1 -N 1 -w nid00004 --cpu_bind=none --gres=craynetwork:0 --mem=847 -c 1 python DBscan_on_simtel_data.py -d /scratch/snx3000/lburmist/simtel_data/NSB386MHz/data//corsika_run41.simtel.gz /scratch/snx3000/lburmist/simtel_data/NSB386MHz/npe//corsika_run41.npe.pkl /scratch/snx3000/lburmist/simtel_data/NSB386MHz/npe//corsika_run41.npe.csv pixel_mapping.csv pixel_mapping_neighbors.csv
[2024-05-14 18:04:44] INFO: Allocating task 43
[2024-05-14 18:04:44] INFO: [BasicEngine::executeTask[42]] Task 42 on node nid00004 command: srun -O -s -n 1 -N 1 -w nid00004 --cpu_bind=none --gres=craynetwork:0 --mem=847 -c 1 python DBscan_on_simtel_data.py -d /scratch/snx3000/lburmist/simtel_data/NSB386MHz/data//corsika_run42.simtel.gz /scratch/snx3000/lburmist/simtel_data/NSB386MHz/npe//corsika_run42.npe.pkl /scratch/snx3000/lburmist/simtel_data/NSB386MHz/npe//corsika_run42.npe.csv pixel_mapping.csv pixel_mapping_neighbors.csv
[2024-05-14 18:04:44] INFO: [BasicEngine::executeTask[43]] Task 43 on node nid00004 command: srun -O -s -n 1 -N 1 -w nid00004 --cpu_bind=none --gres=craynetwork:0 --mem=847 -c 1 python DBscan_on_simtel_data.py -d /scratch/snx3000/lburmist/simtel_data/NSB386MHz/data//corsika_run43.simtel.gz /scratch/snx3000/lburmist/simtel_data/NSB386MHz/npe//corsika_run43.npe.pkl /scratch/snx3000/lburmist/simtel_data/NSB386MHz/npe//corsika_run43.npe.csv pixel_mapping.csv pixel_mapping_neighbors.csv
[2024-05-14 18:04:44] INFO: Allocating task 44
[2024-05-14 18:04:44] INFO: Allocating task 45
[2024-05-14 18:04:44] INFO: [BasicEngine::executeTask[44]] Task 44 on node nid00004 command: srun -O -s -n 1 -N 1 -w nid00004 --cpu_bind=none --gres=craynetwork:0 --mem=847 -c 1 python DBscan_on_simtel_data.py -d /scratch/snx3000/lburmist/simtel_data/NSB386MHz/data//corsika_run44.simtel.gz /scratch/snx3000/lburmist/simtel_data/NSB386MHz/npe//corsika_run44.npe.pkl /scratch/snx3000/lburmist/simtel_data/NSB386MHz/npe//corsika_run44.npe.csv pixel_mapping.csv pixel_mapping_neighbors.csv
[2024-05-14 18:04:44] INFO: Allocating task 46
[2024-05-14 18:04:44] INFO: [BasicEngine::executeTask[45]] Task 45 on node nid00004 command: srun -O -s -n 1 -N 1 -w nid00004 --cpu_bind=none --gres=craynetwork:0 --mem=847 -c 1 python DBscan_on_simtel_data.py -d /scratch/snx3000/lburmist/simtel_data/NSB386MHz/data//corsika_run45.simtel.gz /scratch/snx3000/lburmist/simtel_data/NSB386MHz/npe//corsika_run45.npe.pkl /scratch/snx3000/lburmist/simtel_data/NSB386MHz/npe//corsika_run45.npe.csv pixel_mapping.csv pixel_mapping_neighbors.csv
[2024-05-14 18:04:44] INFO: Allocating task 47
[2024-05-14 18:04:44] INFO: [BasicEngine::executeTask[46]] Task 46 on node nid00004 command: srun -O -s -n 1 -N 1 -w nid00004 --cpu_bind=none --gres=craynetwork:0 --mem=847 -c 1 python DBscan_on_simtel_data.py -d /scratch/snx3000/lburmist/simtel_data/NSB386MHz/data//corsika_run46.simtel.gz /scratch/snx3000/lburmist/simtel_data/NSB386MHz/npe//corsika_run46.npe.pkl /scratch/snx3000/lburmist/simtel_data/NSB386MHz/npe//corsika_run46.npe.csv pixel_mapping.csv pixel_mapping_neighbors.csv
[2024-05-14 18:04:44] INFO: Allocating task 48
[2024-05-14 18:04:44] INFO: [BasicEngine::executeTask[47]] Task 47 on node nid00004 command: srun -O -s -n 1 -N 1 -w nid00004 --cpu_bind=none --gres=craynetwork:0 --mem=847 -c 1 python DBscan_on_simtel_data.py -d /scratch/snx3000/lburmist/simtel_data/NSB386MHz/data//corsika_run47.simtel.gz /scratch/snx3000/lburmist/simtel_data/NSB386MHz/npe//corsika_run47.npe.pkl /scratch/snx3000/lburmist/simtel_data/NSB386MHz/npe//corsika_run47.npe.csv pixel_mapping.csv pixel_mapping_neighbors.csv
[2024-05-14 18:04:44] INFO: Allocating task 49
[2024-05-14 18:04:44] INFO: [BasicEngine::executeTask[48]] Task 48 on node nid00004 command: srun -O -s -n 1 -N 1 -w nid00004 --cpu_bind=none --gres=craynetwork:0 --mem=847 -c 1 python DBscan_on_simtel_data.py -d /scratch/snx3000/lburmist/simtel_data/NSB386MHz/data//corsika_run48.simtel.gz /scratch/snx3000/lburmist/simtel_data/NSB386MHz/npe//corsika_run48.npe.pkl /scratch/snx3000/lburmist/simtel_data/NSB386MHz/npe//corsika_run48.npe.csv pixel_mapping.csv pixel_mapping_neighbors.csv
[2024-05-14 18:04:44] INFO: Allocating task 50
[2024-05-14 18:04:44] INFO: [BasicEngine::executeTask[49]] Task 49 on node nid00004 command: srun -O -s -n 1 -N 1 -w nid00004 --cpu_bind=none --gres=craynetwork:0 --mem=847 -c 1 python DBscan_on_simtel_data.py -d /scratch/snx3000/lburmist/simtel_data/NSB386MHz/data//corsika_run49.simtel.gz /scratch/snx3000/lburmist/simtel_data/NSB386MHz/npe//corsika_run49.npe.pkl /scratch/snx3000/lburmist/simtel_data/NSB386MHz/npe//corsika_run49.npe.csv pixel_mapping.csv pixel_mapping_neighbors.csv
[2024-05-14 18:04:44] INFO: Allocating task 51
[2024-05-14 18:04:44] INFO: [BasicEngine::executeTask[50]] Task 50 on node nid00004 command: srun -O -s -n 1 -N 1 -w nid00004 --cpu_bind=none --gres=craynetwork:0 --mem=847 -c 1 python DBscan_on_simtel_data.py -d /scratch/snx3000/lburmist/simtel_data/NSB386MHz/data//corsika_run50.simtel.gz /scratch/snx3000/lburmist/simtel_data/NSB386MHz/npe//corsika_run50.npe.pkl /scratch/snx3000/lburmist/simtel_data/NSB386MHz/npe//corsika_run50.npe.csv pixel_mapping.csv pixel_mapping_neighbors.csv
[2024-05-14 18:04:44] INFO: Allocating task 52
[2024-05-14 18:04:44] INFO: [BasicEngine::executeTask[51]] Task 51 on node nid00004 command: srun -O -s -n 1 -N 1 -w nid00004 --cpu_bind=none --gres=craynetwork:0 --mem=847 -c 1 python DBscan_on_simtel_data.py -d /scratch/snx3000/lburmist/simtel_data/NSB386MHz/data//corsika_run51.simtel.gz /scratch/snx3000/lburmist/simtel_data/NSB386MHz/npe//corsika_run51.npe.pkl /scratch/snx3000/lburmist/simtel_data/NSB386MHz/npe//corsika_run51.npe.csv pixel_mapping.csv pixel_mapping_neighbors.csv
[2024-05-14 18:04:44] INFO: Allocating task 53
[2024-05-14 18:04:44] INFO: [BasicEngine::executeTask[52]] Task 52 on node nid00004 command: srun -O -s -n 1 -N 1 -w nid00004 --cpu_bind=none --gres=craynetwork:0 --mem=847 -c 1 python DBscan_on_simtel_data.py -d /scratch/snx3000/lburmist/simtel_data/NSB386MHz/data//corsika_run52.simtel.gz /scratch/snx3000/lburmist/simtel_data/NSB386MHz/npe//corsika_run52.npe.pkl /scratch/snx3000/lburmist/simtel_data/NSB386MHz/npe//corsika_run52.npe.csv pixel_mapping.csv pixel_mapping_neighbors.csv
[2024-05-14 18:04:44] INFO: Allocating task 54
[2024-05-14 18:04:44] INFO: [BasicEngine::executeTask[53]] Task 53 on node nid00004 command: srun -O -s -n 1 -N 1 -w nid00004 --cpu_bind=none --gres=craynetwork:0 --mem=847 -c 1 python DBscan_on_simtel_data.py -d /scratch/snx3000/lburmist/simtel_data/NSB386MHz/data//corsika_run53.simtel.gz /scratch/snx3000/lburmist/simtel_data/NSB386MHz/npe//corsika_run53.npe.pkl /scratch/snx3000/lburmist/simtel_data/NSB386MHz/npe//corsika_run53.npe.csv pixel_mapping.csv pixel_mapping_neighbors.csv
[2024-05-14 18:04:44] INFO: Allocating task 55
[2024-05-14 18:04:44] INFO: [BasicEngine::executeTask[54]] Task 54 on node nid00004 command: srun -O -s -n 1 -N 1 -w nid00004 --cpu_bind=none --gres=craynetwork:0 --mem=847 -c 1 python DBscan_on_simtel_data.py -d /scratch/snx3000/lburmist/simtel_data/NSB386MHz/data//corsika_run54.simtel.gz /scratch/snx3000/lburmist/simtel_data/NSB386MHz/npe//corsika_run54.npe.pkl /scratch/snx3000/lburmist/simtel_data/NSB386MHz/npe//corsika_run54.npe.csv pixel_mapping.csv pixel_mapping_neighbors.csv
[2024-05-14 18:04:44] INFO: Allocating task 56
[2024-05-14 18:04:44] INFO: Allocating task 57
[2024-05-14 18:04:44] INFO: [BasicEngine::executeTask[55]] Task 55 on node nid00004 command: srun -O -s -n 1 -N 1 -w nid00004 --cpu_bind=none --gres=craynetwork:0 --mem=847 -c 1 python DBscan_on_simtel_data.py -d /scratch/snx3000/lburmist/simtel_data/NSB386MHz/data//corsika_run55.simtel.gz /scratch/snx3000/lburmist/simtel_data/NSB386MHz/npe//corsika_run55.npe.pkl /scratch/snx3000/lburmist/simtel_data/NSB386MHz/npe//corsika_run55.npe.csv pixel_mapping.csv pixel_mapping_neighbors.csv
[2024-05-14 18:04:44] INFO: [BasicEngine::executeTask[56]] Task 56 on node nid00004 command: srun -O -s -n 1 -N 1 -w nid00004 --cpu_bind=none --gres=craynetwork:0 --mem=847 -c 1 python DBscan_on_simtel_data.py -d /scratch/snx3000/lburmist/simtel_data/NSB386MHz/data//corsika_run56.simtel.gz /scratch/snx3000/lburmist/simtel_data/NSB386MHz/npe//corsika_run56.npe.pkl /scratch/snx3000/lburmist/simtel_data/NSB386MHz/npe//corsika_run56.npe.csv pixel_mapping.csv pixel_mapping_neighbors.csv
[2024-05-14 18:04:44] INFO: Allocating task 58
[2024-05-14 18:04:44] INFO: [BasicEngine::executeTask[57]] Task 57 on node nid00004 command: srun -O -s -n 1 -N 1 -w nid00004 --cpu_bind=none --gres=craynetwork:0 --mem=847 -c 1 python DBscan_on_simtel_data.py -d /scratch/snx3000/lburmist/simtel_data/NSB386MHz/data//corsika_run57.simtel.gz /scratch/snx3000/lburmist/simtel_data/NSB386MHz/npe//corsika_run57.npe.pkl /scratch/snx3000/lburmist/simtel_data/NSB386MHz/npe//corsika_run57.npe.csv pixel_mapping.csv pixel_mapping_neighbors.csv
[2024-05-14 18:04:44] INFO: Allocating task 59
[2024-05-14 18:04:44] INFO: [BasicEngine::executeTask[58]] Task 58 on node nid00004 command: srun -O -s -n 1 -N 1 -w nid00004 --cpu_bind=none --gres=craynetwork:0 --mem=847 -c 1 python DBscan_on_simtel_data.py -d /scratch/snx3000/lburmist/simtel_data/NSB386MHz/data//corsika_run58.simtel.gz /scratch/snx3000/lburmist/simtel_data/NSB386MHz/npe//corsika_run58.npe.pkl /scratch/snx3000/lburmist/simtel_data/NSB386MHz/npe//corsika_run58.npe.csv pixel_mapping.csv pixel_mapping_neighbors.csv
[2024-05-14 18:04:44] INFO: Allocating task 60
[2024-05-14 18:04:44] INFO: [BasicEngine::executeTask[59]] Task 59 on node nid00004 command: srun -O -s -n 1 -N 1 -w nid00004 --cpu_bind=none --gres=craynetwork:0 --mem=847 -c 1 python DBscan_on_simtel_data.py -d /scratch/snx3000/lburmist/simtel_data/NSB386MHz/data//corsika_run59.simtel.gz /scratch/snx3000/lburmist/simtel_data/NSB386MHz/npe//corsika_run59.npe.pkl /scratch/snx3000/lburmist/simtel_data/NSB386MHz/npe//corsika_run59.npe.csv pixel_mapping.csv pixel_mapping_neighbors.csv
[2024-05-14 18:04:44] INFO: Allocating task 61
[2024-05-14 18:04:44] INFO: [BasicEngine::executeTask[60]] Task 60 on node nid00004 command: srun -O -s -n 1 -N 1 -w nid00004 --cpu_bind=none --gres=craynetwork:0 --mem=847 -c 1 python DBscan_on_simtel_data.py -d /scratch/snx3000/lburmist/simtel_data/NSB386MHz/data//corsika_run60.simtel.gz /scratch/snx3000/lburmist/simtel_data/NSB386MHz/npe//corsika_run60.npe.pkl /scratch/snx3000/lburmist/simtel_data/NSB386MHz/npe//corsika_run60.npe.csv pixel_mapping.csv pixel_mapping_neighbors.csv
[2024-05-14 18:04:44] INFO: Allocating task 62
[2024-05-14 18:04:44] INFO: [BasicEngine::executeTask[61]] Task 61 on node nid00004 command: srun -O -s -n 1 -N 1 -w nid00004 --cpu_bind=none --gres=craynetwork:0 --mem=847 -c 1 python DBscan_on_simtel_data.py -d /scratch/snx3000/lburmist/simtel_data/NSB386MHz/data//corsika_run61.simtel.gz /scratch/snx3000/lburmist/simtel_data/NSB386MHz/npe//corsika_run61.npe.pkl /scratch/snx3000/lburmist/simtel_data/NSB386MHz/npe//corsika_run61.npe.csv pixel_mapping.csv pixel_mapping_neighbors.csv
[2024-05-14 18:04:44] INFO: Allocating task 63
[2024-05-14 18:04:44] INFO: [BasicEngine::executeTask[62]] Task 62 on node nid00004 command: srun -O -s -n 1 -N 1 -w nid00004 --cpu_bind=none --gres=craynetwork:0 --mem=847 -c 1 python DBscan_on_simtel_data.py -d /scratch/snx3000/lburmist/simtel_data/NSB386MHz/data//corsika_run62.simtel.gz /scratch/snx3000/lburmist/simtel_data/NSB386MHz/npe//corsika_run62.npe.pkl /scratch/snx3000/lburmist/simtel_data/NSB386MHz/npe//corsika_run62.npe.csv pixel_mapping.csv pixel_mapping_neighbors.csv
[2024-05-14 18:04:44] INFO: Allocating task 64
[2024-05-14 18:04:44] INFO: [BasicEngine::executeTask[63]] Task 63 on node nid00004 command: srun -O -s -n 1 -N 1 -w nid00004 --cpu_bind=none --gres=craynetwork:0 --mem=847 -c 1 python DBscan_on_simtel_data.py -d /scratch/snx3000/lburmist/simtel_data/NSB386MHz/data//corsika_run63.simtel.gz /scratch/snx3000/lburmist/simtel_data/NSB386MHz/npe//corsika_run63.npe.pkl /scratch/snx3000/lburmist/simtel_data/NSB386MHz/npe//corsika_run63.npe.csv pixel_mapping.csv pixel_mapping_neighbors.csv
[2024-05-14 18:04:44] INFO: Allocating task 65
[2024-05-14 18:04:44] INFO: Allocating task 66
[2024-05-14 18:04:44] INFO: [BasicEngine::executeTask[64]] Task 64 on node nid00004 command: srun -O -s -n 1 -N 1 -w nid00004 --cpu_bind=none --gres=craynetwork:0 --mem=847 -c 1 python DBscan_on_simtel_data.py -d /scratch/snx3000/lburmist/simtel_data/NSB386MHz/data//corsika_run64.simtel.gz /scratch/snx3000/lburmist/simtel_data/NSB386MHz/npe//corsika_run64.npe.pkl /scratch/snx3000/lburmist/simtel_data/NSB386MHz/npe//corsika_run64.npe.csv pixel_mapping.csv pixel_mapping_neighbors.csv
[2024-05-14 18:04:44] INFO: [BasicEngine::executeTask[65]] Task 65 on node nid00004 command: srun -O -s -n 1 -N 1 -w nid00004 --cpu_bind=none --gres=craynetwork:0 --mem=847 -c 1 python DBscan_on_simtel_data.py -d /scratch/snx3000/lburmist/simtel_data/NSB386MHz/data//corsika_run65.simtel.gz /scratch/snx3000/lburmist/simtel_data/NSB386MHz/npe//corsika_run65.npe.pkl /scratch/snx3000/lburmist/simtel_data/NSB386MHz/npe//corsika_run65.npe.csv pixel_mapping.csv pixel_mapping_neighbors.csv
[2024-05-14 18:04:44] INFO: Allocating task 67
[2024-05-14 18:04:44] INFO: [BasicEngine::executeTask[66]] Task 66 on node nid00004 command: srun -O -s -n 1 -N 1 -w nid00004 --cpu_bind=none --gres=craynetwork:0 --mem=847 -c 1 python DBscan_on_simtel_data.py -d /scratch/snx3000/lburmist/simtel_data/NSB386MHz/data//corsika_run66.simtel.gz /scratch/snx3000/lburmist/simtel_data/NSB386MHz/npe//corsika_run66.npe.pkl /scratch/snx3000/lburmist/simtel_data/NSB386MHz/npe//corsika_run66.npe.csv pixel_mapping.csv pixel_mapping_neighbors.csv
[2024-05-14 18:04:44] INFO: Allocating task 68
[2024-05-14 18:04:44] INFO: [BasicEngine::executeTask[67]] Task 67 on node nid00004 command: srun -O -s -n 1 -N 1 -w nid00004 --cpu_bind=none --gres=craynetwork:0 --mem=847 -c 1 python DBscan_on_simtel_data.py -d /scratch/snx3000/lburmist/simtel_data/NSB386MHz/data//corsika_run67.simtel.gz /scratch/snx3000/lburmist/simtel_data/NSB386MHz/npe//corsika_run67.npe.pkl /scratch/snx3000/lburmist/simtel_data/NSB386MHz/npe//corsika_run67.npe.csv pixel_mapping.csv pixel_mapping_neighbors.csv
[2024-05-14 18:04:44] INFO: Allocating task 69
[2024-05-14 18:04:44] INFO: [BasicEngine::executeTask[68]] Task 68 on node nid00004 command: srun -O -s -n 1 -N 1 -w nid00004 --cpu_bind=none --gres=craynetwork:0 --mem=847 -c 1 python DBscan_on_simtel_data.py -d /scratch/snx3000/lburmist/simtel_data/NSB386MHz/data//corsika_run68.simtel.gz /scratch/snx3000/lburmist/simtel_data/NSB386MHz/npe//corsika_run68.npe.pkl /scratch/snx3000/lburmist/simtel_data/NSB386MHz/npe//corsika_run68.npe.csv pixel_mapping.csv pixel_mapping_neighbors.csv
[2024-05-14 18:04:44] INFO: Allocating task 70
[2024-05-14 18:04:44] INFO: [BasicEngine::executeTask[69]] Task 69 on node nid00004 command: srun -O -s -n 1 -N 1 -w nid00004 --cpu_bind=none --gres=craynetwork:0 --mem=847 -c 1 python DBscan_on_simtel_data.py -d /scratch/snx3000/lburmist/simtel_data/NSB386MHz/data//corsika_run69.simtel.gz /scratch/snx3000/lburmist/simtel_data/NSB386MHz/npe//corsika_run69.npe.pkl /scratch/snx3000/lburmist/simtel_data/NSB386MHz/npe//corsika_run69.npe.csv pixel_mapping.csv pixel_mapping_neighbors.csv
[2024-05-14 18:04:44] INFO: Allocating task 71
[2024-05-14 18:04:44] INFO: [BasicEngine::executeTask[70]] Task 70 on node nid00004 command: srun -O -s -n 1 -N 1 -w nid00004 --cpu_bind=none --gres=craynetwork:0 --mem=847 -c 1 python DBscan_on_simtel_data.py -d /scratch/snx3000/lburmist/simtel_data/NSB386MHz/data//corsika_run70.simtel.gz /scratch/snx3000/lburmist/simtel_data/NSB386MHz/npe//corsika_run70.npe.pkl /scratch/snx3000/lburmist/simtel_data/NSB386MHz/npe//corsika_run70.npe.csv pixel_mapping.csv pixel_mapping_neighbors.csv
[2024-05-14 18:04:44] INFO: [BasicEngine::executeTask[71]] Task 71 on node nid00004 command: srun -O -s -n 1 -N 1 -w nid00004 --cpu_bind=none --gres=craynetwork:0 --mem=847 -c 1 python DBscan_on_simtel_data.py -d /scratch/snx3000/lburmist/simtel_data/NSB386MHz/data//corsika_run71.simtel.gz /scratch/snx3000/lburmist/simtel_data/NSB386MHz/npe//corsika_run71.npe.pkl /scratch/snx3000/lburmist/simtel_data/NSB386MHz/npe//corsika_run71.npe.csv pixel_mapping.csv pixel_mapping_neighbors.csv
[2024-05-14 18:05:39] INFO: Task 27 located in line 27 completed successfully on node nid00004. Elapsed: 00:00:54
[2024-05-14 18:05:39] INFO: Task 12 located in line 12 completed successfully on node nid00004. Elapsed: 00:00:54
[2024-05-14 18:05:39] INFO: Task 16 located in line 16 completed successfully on node nid00004. Elapsed: 00:00:54
[2024-05-14 18:05:39] INFO: Task 25 located in line 25 completed successfully on node nid00004. Elapsed: 00:00:54
[2024-05-14 18:05:39] INFO: Task 64 located in line 64 completed successfully on node nid00004. Elapsed: 00:00:54
[2024-05-14 18:05:39] INFO: Task 7 located in line 7 completed successfully on node nid00004. Elapsed: 00:00:55
[2024-05-14 18:05:40] INFO: Task 46 located in line 46 completed successfully on node nid00004. Elapsed: 00:00:56
[2024-05-14 18:05:40] INFO: Task 18 located in line 18 completed successfully on node nid00004. Elapsed: 00:00:56
[2024-05-14 18:05:40] INFO: Task 36 located in line 36 completed successfully on node nid00004. Elapsed: 00:00:56
[2024-05-14 18:05:40] INFO: Task 9 located in line 9 completed successfully on node nid00004. Elapsed: 00:00:56
[2024-05-14 18:05:40] INFO: Task 10 located in line 10 completed successfully on node nid00004. Elapsed: 00:00:56
[2024-05-14 18:05:40] INFO: Task 33 located in line 33 completed successfully on node nid00004. Elapsed: 00:00:56
[2024-05-14 18:05:40] INFO: Task 37 located in line 37 completed successfully on node nid00004. Elapsed: 00:00:56
[2024-05-14 18:05:40] INFO: Task 6 located in line 6 completed successfully on node nid00004. Elapsed: 00:00:56
[2024-05-14 18:05:40] INFO: Task 1 located in line 1 completed successfully on node nid00004. Elapsed: 00:00:56
[2024-05-14 18:05:40] INFO: Task 17 located in line 17 completed successfully on node nid00004. Elapsed: 00:00:56
[2024-05-14 18:05:40] INFO: Task 39 located in line 39 completed successfully on node nid00004. Elapsed: 00:00:56
[2024-05-14 18:05:40] INFO: Task 26 located in line 26 completed successfully on node nid00004. Elapsed: 00:00:56
[2024-05-14 18:05:40] INFO: Task 41 located in line 41 completed successfully on node nid00004. Elapsed: 00:00:56
[2024-05-14 18:05:40] INFO: Task 42 located in line 42 completed successfully on node nid00004. Elapsed: 00:00:56
[2024-05-14 18:05:40] INFO: Task 43 located in line 43 completed successfully on node nid00004. Elapsed: 00:00:56
[2024-05-14 18:05:40] INFO: Task 45 located in line 45 completed successfully on node nid00004. Elapsed: 00:00:56
[2024-05-14 18:05:40] INFO: Task 62 located in line 62 completed successfully on node nid00004. Elapsed: 00:00:56
[2024-05-14 18:05:40] INFO: Task 65 located in line 65 completed successfully on node nid00004. Elapsed: 00:00:56
[2024-05-14 18:05:40] INFO: Task 67 located in line 67 completed successfully on node nid00004. Elapsed: 00:00:56
[2024-05-14 18:05:40] INFO: Task 70 located in line 70 completed successfully on node nid00004. Elapsed: 00:00:56
[2024-05-14 18:05:40] INFO: Task 13 located in line 13 completed successfully on node nid00004. Elapsed: 00:00:56
[2024-05-14 18:05:40] INFO: Task 5 located in line 5 completed successfully on node nid00004. Elapsed: 00:00:56
[2024-05-14 18:05:40] INFO: Task 29 located in line 29 completed successfully on node nid00004. Elapsed: 00:00:56
[2024-05-14 18:05:40] INFO: Task 61 located in line 61 completed successfully on node nid00004. Elapsed: 00:00:56
[2024-05-14 18:05:40] INFO: Task 71 located in line 71 completed successfully on node nid00004. Elapsed: 00:00:56
[2024-05-14 18:05:40] INFO: Task 22 located in line 22 completed successfully on node nid00004. Elapsed: 00:00:56
[2024-05-14 18:05:40] INFO: Task 58 located in line 58 completed successfully on node nid00004. Elapsed: 00:00:56
[2024-05-14 18:05:40] INFO: Task 34 located in line 34 completed successfully on node nid00004. Elapsed: 00:00:56
[2024-05-14 18:05:40] INFO: Task 47 located in line 47 completed successfully on node nid00004. Elapsed: 00:00:56
[2024-05-14 18:05:40] INFO: Task 49 located in line 49 completed successfully on node nid00004. Elapsed: 00:00:56
[2024-05-14 18:05:40] INFO: Task 4 located in line 4 completed successfully on node nid00004. Elapsed: 00:00:56
[2024-05-14 18:05:40] INFO: Task 23 located in line 23 completed successfully on node nid00004. Elapsed: 00:00:56
[2024-05-14 18:05:40] INFO: Task 60 located in line 60 completed successfully on node nid00004. Elapsed: 00:00:56
[2024-05-14 18:05:40] INFO: Task 57 located in line 57 completed successfully on node nid00004. Elapsed: 00:00:56
[2024-05-14 18:05:40] INFO: Task 11 located in line 11 completed successfully on node nid00004. Elapsed: 00:00:56
[2024-05-14 18:05:40] INFO: Task 52 located in line 52 completed successfully on node nid00004. Elapsed: 00:00:56
[2024-05-14 18:05:40] INFO: Task 2 located in line 2 completed successfully on node nid00004. Elapsed: 00:00:56
[2024-05-14 18:05:40] INFO: Task 68 located in line 68 completed successfully on node nid00004. Elapsed: 00:00:56
[2024-05-14 18:05:40] INFO: Task 63 located in line 63 completed successfully on node nid00004. Elapsed: 00:00:56
[2024-05-14 18:05:40] INFO: Task 48 located in line 48 completed successfully on node nid00004. Elapsed: 00:00:56
[2024-05-14 18:05:40] INFO: Task 50 located in line 50 completed successfully on node nid00004. Elapsed: 00:00:56
[2024-05-14 18:05:40] INFO: Task 40 located in line 40 completed successfully on node nid00004. Elapsed: 00:00:56
[2024-05-14 18:05:40] INFO: Task 69 located in line 69 completed successfully on node nid00004. Elapsed: 00:00:56
[2024-05-14 18:05:40] INFO: Task 3 located in line 3 completed successfully on node nid00004. Elapsed: 00:00:56
[2024-05-14 18:05:40] INFO: Task 51 located in line 51 completed successfully on node nid00004. Elapsed: 00:00:56
[2024-05-14 18:05:40] INFO: Task 53 located in line 53 completed successfully on node nid00004. Elapsed: 00:00:56
[2024-05-14 18:05:40] INFO: Task 38 located in line 38 completed successfully on node nid00004. Elapsed: 00:00:56
[2024-05-14 18:05:40] INFO: Task 56 located in line 56 completed successfully on node nid00004. Elapsed: 00:00:56
[2024-05-14 18:05:40] INFO: Task 19 located in line 19 completed successfully on node nid00004. Elapsed: 00:00:56
[2024-05-14 18:05:40] INFO: Task 35 located in line 35 completed successfully on node nid00004. Elapsed: 00:00:56
[2024-05-14 18:05:40] INFO: Task 44 located in line 44 completed successfully on node nid00004. Elapsed: 00:00:56
[2024-05-14 18:05:40] INFO: Task 66 located in line 66 completed successfully on node nid00004. Elapsed: 00:00:56
[2024-05-14 18:05:40] INFO: Task 24 located in line 24 completed successfully on node nid00004. Elapsed: 00:00:56
[2024-05-14 18:05:40] INFO: Task 59 located in line 59 completed successfully on node nid00004. Elapsed: 00:00:56
[2024-05-14 18:05:40] INFO: Task 8 located in line 8 completed successfully on node nid00004. Elapsed: 00:00:56
[2024-05-14 18:05:40] INFO: Task 14 located in line 14 completed successfully on node nid00004. Elapsed: 00:00:56
[2024-05-14 18:05:40] INFO: Task 15 located in line 15 completed successfully on node nid00004. Elapsed: 00:00:56
[2024-05-14 18:05:40] INFO: Task 54 located in line 54 completed successfully on node nid00004. Elapsed: 00:00:56
[2024-05-14 18:05:40] INFO: Task 32 located in line 32 completed successfully on node nid00004. Elapsed: 00:00:56
[2024-05-14 18:05:40] INFO: Task 21 located in line 21 completed successfully on node nid00004. Elapsed: 00:00:56
[2024-05-14 18:05:40] INFO: Task 55 located in line 55 completed successfully on node nid00004. Elapsed: 00:00:56
[2024-05-14 18:05:40] INFO: Task 20 located in line 20 completed successfully on node nid00004. Elapsed: 00:00:56
[2024-05-14 18:05:40] INFO: Task 30 located in line 30 completed successfully on node nid00004. Elapsed: 00:00:56
[2024-05-14 18:05:40] INFO: Task 28 located in line 28 completed successfully on node nid00004. Elapsed: 00:00:56
[2024-05-14 18:05:41] INFO: Task 31 located in line 31 completed successfully on node nid00004. Elapsed: 00:00:56
[2024-05-14 18:05:41] INFO: BASIC engine finished
[2024-05-14 18:05:41] INFO: Summary of 71 tasks: 71 OK, 0 FAILED, 0 CANCELLED, 0 INVALID.
[2024-05-14 18:05:41] INFO: Total time: 00:00:56
[2024-05-14 18:05:41] INFO: Resource Utilization: 98.33%
[2024-05-14 18:05:41] Finished greasing /users/lburmist/DBscan_on_simtel_data/./greasy_job//node_1.joblist
